This is pdfTeX, Version 3.14159265-2.6-1.40.20 (TeX Live 2019/Debian) (preloaded format=pdflatex 2021.10.3)  23 DEC 2021 00:39
entering extended mode
 restricted \write18 enabled.
 file:line:error style messages enabled.
 %&-line parsing enabled.
**"/mnt/c/Users/grego/OneDrive - Â≠¶Ê†°Ê≥ï‰∫∫„ÄÄÈñ¢Ë•øÂ≠¶Èô¢/Documents/Èñ¢Â≠¶/3Âπ¥Áßã/(Êúà3)„Éç„ÉÉ„Éà„ÉØ„Éº„ÇØË®≠Ë®àË´ñ/report3/main"
(/mnt/c/Users/grego/OneDrive - Â≠¶Ê†°Ê≥ï‰∫∫„ÄÄÈñ¢Ë•øÂ≠¶Èô¢/Documents/Èñ¢Â≠¶/3Âπ¥Áßã/(Êúà3)„Éç„ÉÉ„Éà„ÉØ„Éº„ÇØË®≠Ë®àË´ñ/report3/main.tex
LaTeX2e <2020-02-02> patch level 2
L3 programming layer <2020-02-14> (/usr/share/texlive/texmf-dist/tex/latex/base/report.cls
Document Class: report 2019/12/20 v1.4l Standard LaTeX document class
(/usr/share/texlive/texmf-dist/tex/latex/base/size10.clo
File: size10.clo 2019/12/20 v1.4l Standard LaTeX file (size option)
)
\c@part=\count167
\c@chapter=\count168
\c@section=\count169
\c@subsection=\count170
\c@subsubsection=\count171
\c@paragraph=\count172
\c@subparagraph=\count173
\c@figure=\count174
\c@table=\count175
\abovecaptionskip=\skip47
\belowcaptionskip=\skip48
\bibindent=\dimen134
) (/usr/share/texlive/texmf-dist/tex/latex/base/inputenc.sty
Package: inputenc 2018/08/11 v1.3c Input encoding file
\inpenc@prehook=\toks14
\inpenc@posthook=\toks15
) (/usr/share/texmf/tex/latex/CJK/CJKutf8.sty
Package: CJKutf8 2015/04/18 4.8.4
 (/usr/share/texlive/texmf-dist/tex/generic/iftex/ifpdf.sty
Package: ifpdf 2019/10/25 v3.4 ifpdf legacy package. Use iftex instead.
 (/usr/share/texlive/texmf-dist/tex/generic/iftex/iftex.sty
Package: iftex 2019/11/07 v1.0c TeX engine tests
)) (/usr/share/texmf/tex/latex/CJK/CJK.sty
Package: CJK 2015/04/18 4.8.4
 (/usr/share/texmf/tex/latex/CJK/mule/MULEenc.sty
Package: MULEenc 2015/04/18 4.8.4
) (/usr/share/texmf/tex/latex/CJK/CJK.enc
File: CJK.enc 2015/04/18 4.8.4
Now handling font encoding C00 ...
... no UTF-8 mapping file for font encoding C00
Now handling font encoding C05 ...
... no UTF-8 mapping file for font encoding C05
Now handling font encoding C09 ...
... no UTF-8 mapping file for font encoding C09
Now handling font encoding C10 ...
... no UTF-8 mapping file for font encoding C10
Now handling font encoding C20 ...
... no UTF-8 mapping file for font encoding C20
Now handling font encoding C19 ...
... no UTF-8 mapping file for font encoding C19
Now handling font encoding C40 ...
... no UTF-8 mapping file for font encoding C40
Now handling font encoding C42 ...
... no UTF-8 mapping file for font encoding C42
Now handling font encoding C43 ...
... no UTF-8 mapping file for font encoding C43
Now handling font encoding C50 ...
... no UTF-8 mapping file for font encoding C50
Now handling font encoding C52 ...
... no UTF-8 mapping file for font encoding C52
Now handling font encoding C49 ...
... no UTF-8 mapping file for font encoding C49
Now handling font encoding C60 ...
... no UTF-8 mapping file for font encoding C60
Now handling font encoding C61 ...
... no UTF-8 mapping file for font encoding C61
Now handling font encoding C63 ...
... no UTF-8 mapping file for font encoding C63
Now handling font encoding C64 ...
... no UTF-8 mapping file for font encoding C64
Now handling font encoding C65 ...
... no UTF-8 mapping file for font encoding C65
Now handling font encoding C70 ...
... no UTF-8 mapping file for font encoding C70
Now handling font encoding C31 ...
... no UTF-8 mapping file for font encoding C31
Now handling font encoding C32 ...
... no UTF-8 mapping file for font encoding C32
Now handling font encoding C33 ...
... no UTF-8 mapping file for font encoding C33
Now handling font encoding C34 ...
... no UTF-8 mapping file for font encoding C34
Now handling font encoding C35 ...
... no UTF-8 mapping file for font encoding C35
Now handling font encoding C36 ...
... no UTF-8 mapping file for font encoding C36
Now handling font encoding C37 ...
... no UTF-8 mapping file for font encoding C37
Now handling font encoding C80 ...
... no UTF-8 mapping file for font encoding C80
Now handling font encoding C81 ...
... no UTF-8 mapping file for font encoding C81
Now handling font encoding C01 ...
... no UTF-8 mapping file for font encoding C01
Now handling font encoding C11 ...
... no UTF-8 mapping file for font encoding C11
Now handling font encoding C21 ...
... no UTF-8 mapping file for font encoding C21
Now handling font encoding C41 ...
... no UTF-8 mapping file for font encoding C41
Now handling font encoding C62 ...
... no UTF-8 mapping file for font encoding C62
)
LaTeX Info: Redefining \selectfont on input line 755.
\CJK@indent=\box45
) (/usr/share/texlive/texmf-dist/tex/latex/base/fontenc.sty
Package: fontenc 2020/02/11 v2.0o Standard LaTeX package
)) (/usr/share/texlive/texmf-dist/tex/latex/amsmath/amsmath.sty
Package: amsmath 2020/01/20 v2.17e AMS math features
\@mathmargin=\skip49

For additional information on amsmath, use the `?' option.
(/usr/share/texlive/texmf-dist/tex/latex/amsmath/amstext.sty
Package: amstext 2000/06/29 v2.01 AMS text
 (/usr/share/texlive/texmf-dist/tex/latex/amsmath/amsgen.sty
File: amsgen.sty 1999/11/30 v2.0 generic functions
\@emptytoks=\toks16
\ex@=\dimen135
)) (/usr/share/texlive/texmf-dist/tex/latex/amsmath/amsbsy.sty
Package: amsbsy 1999/11/29 v1.2d Bold Symbols
\pmbraise@=\dimen136
) (/usr/share/texlive/texmf-dist/tex/latex/amsmath/amsopn.sty
Package: amsopn 2016/03/08 v2.02 operator names
)
\inf@bad=\count176
LaTeX Info: Redefining \frac on input line 227.
\uproot@=\count177
\leftroot@=\count178
LaTeX Info: Redefining \overline on input line 389.
\classnum@=\count179
\DOTSCASE@=\count180
LaTeX Info: Redefining \ldots on input line 486.
LaTeX Info: Redefining \dots on input line 489.
LaTeX Info: Redefining \cdots on input line 610.
\Mathstrutbox@=\box46
\strutbox@=\box47
\big@size=\dimen137
LaTeX Font Info:    Redeclaring font encoding OML on input line 733.
LaTeX Font Info:    Redeclaring font encoding OMS on input line 734.
\macc@depth=\count181
\c@MaxMatrixCols=\count182
\dotsspace@=\muskip16
\c@parentequation=\count183
\dspbrk@lvl=\count184
\tag@help=\toks17
\row@=\count185
\column@=\count186
\maxfields@=\count187
\andhelp@=\toks18
\eqnshift@=\dimen138
\alignsep@=\dimen139
\tagshift@=\dimen140
\tagwidth@=\dimen141
\totwidth@=\dimen142
\lineht@=\dimen143
\@envbody=\toks19
\multlinegap=\skip50
\multlinetaggap=\skip51
\mathdisplay@stack=\toks20
LaTeX Info: Redefining \[ on input line 2859.
LaTeX Info: Redefining \] on input line 2860.
) (/usr/share/texlive/texmf-dist/tex/latex/tikz-qtree/tikz-qtree.sty (/usr/share/texlive/texmf-dist/tex/latex/pgf/frontendlayer/tikz.sty (/usr/share/texlive/texmf-dist/tex/latex/pgf/basiclayer/pgf.sty (/usr/share/texlive/texmf-dist/tex/latex/pgf/utilities/pgfrcs.sty (/usr/share/texlive/texmf-dist/tex/generic/pgf/utilities/pgfutil-common.tex
\pgfutil@everybye=\toks21
\pgfutil@tempdima=\dimen144
\pgfutil@tempdimb=\dimen145
 (/usr/share/texlive/texmf-dist/tex/generic/pgf/utilities/pgfutil-common-lists.tex)) (/usr/share/texlive/texmf-dist/tex/generic/pgf/utilities/pgfutil-latex.def
\pgfutil@abb=\box48
 (/usr/share/texlive/texmf-dist/tex/latex/ms/everyshi.sty
Package: everyshi 2001/05/15 v3.00 EveryShipout Package (MS)
)) (/usr/share/texlive/texmf-dist/tex/generic/pgf/utilities/pgfrcs.code.tex (/usr/share/texlive/texmf-dist/tex/generic/pgf/pgf.revision.tex)
Package: pgfrcs 2020/01/08 v3.1.5b (3.1.5b)
))
Package: pgf 2020/01/08 v3.1.5b (3.1.5b)
 (/usr/share/texlive/texmf-dist/tex/latex/pgf/basiclayer/pgfcore.sty (/usr/share/texlive/texmf-dist/tex/latex/graphics/graphicx.sty
Package: graphicx 2019/11/30 v1.2a Enhanced LaTeX Graphics (DPC,SPQR)
 (/usr/share/texlive/texmf-dist/tex/latex/graphics/keyval.sty
Package: keyval 2014/10/28 v1.15 key=value parser (DPC)
\KV@toks@=\toks22
) (/usr/share/texlive/texmf-dist/tex/latex/graphics/graphics.sty
Package: graphics 2019/11/30 v1.4a Standard LaTeX Graphics (DPC,SPQR)
 (/usr/share/texlive/texmf-dist/tex/latex/graphics/trig.sty
Package: trig 2016/01/03 v1.10 sin cos tan (DPC)
) (/usr/share/texlive/texmf-dist/tex/latex/graphics-cfg/graphics.cfg
File: graphics.cfg 2016/06/04 v1.11 sample graphics configuration
)
Package graphics Info: Driver file: pdftex.def on input line 105.
 (/usr/share/texlive/texmf-dist/tex/latex/graphics-def/pdftex.def
File: pdftex.def 2018/01/08 v1.0l Graphics/color driver for pdftex
))
\Gin@req@height=\dimen146
\Gin@req@width=\dimen147
) (/usr/share/texlive/texmf-dist/tex/latex/pgf/systemlayer/pgfsys.sty (/usr/share/texlive/texmf-dist/tex/generic/pgf/systemlayer/pgfsys.code.tex
Package: pgfsys 2020/01/08 v3.1.5b (3.1.5b)
 (/usr/share/texlive/texmf-dist/tex/generic/pgf/utilities/pgfkeys.code.tex
\pgfkeys@pathtoks=\toks23
\pgfkeys@temptoks=\toks24
 (/usr/share/texlive/texmf-dist/tex/generic/pgf/utilities/pgfkeysfiltered.code.tex
\pgfkeys@tmptoks=\toks25
))
\pgf@x=\dimen148
\pgf@y=\dimen149
\pgf@xa=\dimen150
\pgf@ya=\dimen151
\pgf@xb=\dimen152
\pgf@yb=\dimen153
\pgf@xc=\dimen154
\pgf@yc=\dimen155
\pgf@xd=\dimen156
\pgf@yd=\dimen157
\w@pgf@writea=\write3
\r@pgf@reada=\read2
\c@pgf@counta=\count188
\c@pgf@countb=\count189
\c@pgf@countc=\count190
\c@pgf@countd=\count191
\t@pgf@toka=\toks26
\t@pgf@tokb=\toks27
\t@pgf@tokc=\toks28
\pgf@sys@id@count=\count192
 (/usr/share/texlive/texmf-dist/tex/generic/pgf/systemlayer/pgf.cfg
File: pgf.cfg 2020/01/08 v3.1.5b (3.1.5b)
)
Driver file for pgf: pgfsys-pdftex.def
 (/usr/share/texlive/texmf-dist/tex/generic/pgf/systemlayer/pgfsys-pdftex.def
File: pgfsys-pdftex.def 2020/01/08 v3.1.5b (3.1.5b)
 (/usr/share/texlive/texmf-dist/tex/generic/pgf/systemlayer/pgfsys-common-pdf.def
File: pgfsys-common-pdf.def 2020/01/08 v3.1.5b (3.1.5b)
))) (/usr/share/texlive/texmf-dist/tex/generic/pgf/systemlayer/pgfsyssoftpath.code.tex
File: pgfsyssoftpath.code.tex 2020/01/08 v3.1.5b (3.1.5b)
\pgfsyssoftpath@smallbuffer@items=\count193
\pgfsyssoftpath@bigbuffer@items=\count194
) (/usr/share/texlive/texmf-dist/tex/generic/pgf/systemlayer/pgfsysprotocol.code.tex
File: pgfsysprotocol.code.tex 2020/01/08 v3.1.5b (3.1.5b)
)) (/usr/share/texlive/texmf-dist/tex/latex/xcolor/xcolor.sty
Package: xcolor 2016/05/11 v2.12 LaTeX color extensions (UK)
 (/usr/share/texlive/texmf-dist/tex/latex/graphics-cfg/color.cfg
File: color.cfg 2016/01/02 v1.6 sample color configuration
)
Package xcolor Info: Driver file: pdftex.def on input line 225.
Package xcolor Info: Model `cmy' substituted by `cmy0' on input line 1348.
Package xcolor Info: Model `hsb' substituted by `rgb' on input line 1352.
Package xcolor Info: Model `RGB' extended on input line 1364.
Package xcolor Info: Model `HTML' substituted by `rgb' on input line 1366.
Package xcolor Info: Model `Hsb' substituted by `hsb' on input line 1367.
Package xcolor Info: Model `tHsb' substituted by `hsb' on input line 1368.
Package xcolor Info: Model `HSB' substituted by `hsb' on input line 1369.
Package xcolor Info: Model `Gray' substituted by `gray' on input line 1370.
Package xcolor Info: Model `wave' substituted by `hsb' on input line 1371.
) (/usr/share/texlive/texmf-dist/tex/generic/pgf/basiclayer/pgfcore.code.tex
Package: pgfcore 2020/01/08 v3.1.5b (3.1.5b)
 (/usr/share/texlive/texmf-dist/tex/generic/pgf/math/pgfmath.code.tex (/usr/share/texlive/texmf-dist/tex/generic/pgf/math/pgfmathcalc.code.tex (/usr/share/texlive/texmf-dist/tex/generic/pgf/math/pgfmathutil.code.tex) (/usr/share/texlive/texmf-dist/tex/generic/pgf/math/pgfmathparser.code.tex
\pgfmath@dimen=\dimen158
\pgfmath@count=\count195
\pgfmath@box=\box49
\pgfmath@toks=\toks29
\pgfmath@stack@operand=\toks30
\pgfmath@stack@operation=\toks31
) (/usr/share/texlive/texmf-dist/tex/generic/pgf/math/pgfmathfunctions.code.tex (/usr/share/texlive/texmf-dist/tex/generic/pgf/math/pgfmathfunctions.basic.code.tex) (/usr/share/texlive/texmf-dist/tex/generic/pgf/math/pgfmathfunctions.trigonometric.code.tex) (/usr/share/texlive/texmf-dist/tex/generic/pgf/math/pgfmathfunctions.random.code.tex) (/usr/share/texlive/texmf-dist/tex/generic/pgf/math/pgfmathfunctions.comparison.code.tex) (/usr/share/texlive/texmf-dist/tex/generic/pgf/math/pgfmathfunctions.base.code.tex) (/usr/share/texlive/texmf-dist/tex/generic/pgf/math/pgfmathfunctions.round.code.tex) (/usr/share/texlive/texmf-dist/tex/generic/pgf/math/pgfmathfunctions.misc.code.tex) (/usr/share/texlive/texmf-dist/tex/generic/pgf/math/pgfmathfunctions.integerarithmetics.code.tex))) (/usr/share/texlive/texmf-dist/tex/generic/pgf/math/pgfmathfloat.code.tex
\c@pgfmathroundto@lastzeros=\count196
)) (/usr/share/texlive/texmf-dist/tex/generic/pgf/math/pgfint.code.tex) (/usr/share/texlive/texmf-dist/tex/generic/pgf/basiclayer/pgfcorepoints.code.tex
File: pgfcorepoints.code.tex 2020/01/08 v3.1.5b (3.1.5b)
\pgf@picminx=\dimen159
\pgf@picmaxx=\dimen160
\pgf@picminy=\dimen161
\pgf@picmaxy=\dimen162
\pgf@pathminx=\dimen163
\pgf@pathmaxx=\dimen164
\pgf@pathminy=\dimen165
\pgf@pathmaxy=\dimen166
\pgf@xx=\dimen167
\pgf@xy=\dimen168
\pgf@yx=\dimen169
\pgf@yy=\dimen170
\pgf@zx=\dimen171
\pgf@zy=\dimen172
) (/usr/share/texlive/texmf-dist/tex/generic/pgf/basiclayer/pgfcorepathconstruct.code.tex
File: pgfcorepathconstruct.code.tex 2020/01/08 v3.1.5b (3.1.5b)
\pgf@path@lastx=\dimen173
\pgf@path@lasty=\dimen174
) (/usr/share/texlive/texmf-dist/tex/generic/pgf/basiclayer/pgfcorepathusage.code.tex
File: pgfcorepathusage.code.tex 2020/01/08 v3.1.5b (3.1.5b)
\pgf@shorten@end@additional=\dimen175
\pgf@shorten@start@additional=\dimen176
) (/usr/share/texlive/texmf-dist/tex/generic/pgf/basiclayer/pgfcorescopes.code.tex
File: pgfcorescopes.code.tex 2020/01/08 v3.1.5b (3.1.5b)
\pgfpic=\box50
\pgf@hbox=\box51
\pgf@layerbox@main=\box52
\pgf@picture@serial@count=\count197
) (/usr/share/texlive/texmf-dist/tex/generic/pgf/basiclayer/pgfcoregraphicstate.code.tex
File: pgfcoregraphicstate.code.tex 2020/01/08 v3.1.5b (3.1.5b)
\pgflinewidth=\dimen177
) (/usr/share/texlive/texmf-dist/tex/generic/pgf/basiclayer/pgfcoretransformations.code.tex
File: pgfcoretransformations.code.tex 2020/01/08 v3.1.5b (3.1.5b)
\pgf@pt@x=\dimen178
\pgf@pt@y=\dimen179
\pgf@pt@temp=\dimen180
) (/usr/share/texlive/texmf-dist/tex/generic/pgf/basiclayer/pgfcorequick.code.tex
File: pgfcorequick.code.tex 2020/01/08 v3.1.5b (3.1.5b)
) (/usr/share/texlive/texmf-dist/tex/generic/pgf/basiclayer/pgfcoreobjects.code.tex
File: pgfcoreobjects.code.tex 2020/01/08 v3.1.5b (3.1.5b)
) (/usr/share/texlive/texmf-dist/tex/generic/pgf/basiclayer/pgfcorepathprocessing.code.tex
File: pgfcorepathprocessing.code.tex 2020/01/08 v3.1.5b (3.1.5b)
) (/usr/share/texlive/texmf-dist/tex/generic/pgf/basiclayer/pgfcorearrows.code.tex
File: pgfcorearrows.code.tex 2020/01/08 v3.1.5b (3.1.5b)
\pgfarrowsep=\dimen181
) (/usr/share/texlive/texmf-dist/tex/generic/pgf/basiclayer/pgfcoreshade.code.tex
File: pgfcoreshade.code.tex 2020/01/08 v3.1.5b (3.1.5b)
\pgf@max=\dimen182
\pgf@sys@shading@range@num=\count198
\pgf@shadingcount=\count199
) (/usr/share/texlive/texmf-dist/tex/generic/pgf/basiclayer/pgfcoreimage.code.tex
File: pgfcoreimage.code.tex 2020/01/08 v3.1.5b (3.1.5b)
 (/usr/share/texlive/texmf-dist/tex/generic/pgf/basiclayer/pgfcoreexternal.code.tex
File: pgfcoreexternal.code.tex 2020/01/08 v3.1.5b (3.1.5b)
\pgfexternal@startupbox=\box53
)) (/usr/share/texlive/texmf-dist/tex/generic/pgf/basiclayer/pgfcorelayers.code.tex
File: pgfcorelayers.code.tex 2020/01/08 v3.1.5b (3.1.5b)
) (/usr/share/texlive/texmf-dist/tex/generic/pgf/basiclayer/pgfcoretransparency.code.tex
File: pgfcoretransparency.code.tex 2020/01/08 v3.1.5b (3.1.5b)
) (/usr/share/texlive/texmf-dist/tex/generic/pgf/basiclayer/pgfcorepatterns.code.tex
File: pgfcorepatterns.code.tex 2020/01/08 v3.1.5b (3.1.5b)
) (/usr/share/texlive/texmf-dist/tex/generic/pgf/basiclayer/pgfcorerdf.code.tex
File: pgfcorerdf.code.tex 2020/01/08 v3.1.5b (3.1.5b)
))) (/usr/share/texlive/texmf-dist/tex/generic/pgf/modules/pgfmoduleshapes.code.tex
File: pgfmoduleshapes.code.tex 2020/01/08 v3.1.5b (3.1.5b)
\pgfnodeparttextbox=\box54
) (/usr/share/texlive/texmf-dist/tex/generic/pgf/modules/pgfmoduleplot.code.tex
File: pgfmoduleplot.code.tex 2020/01/08 v3.1.5b (3.1.5b)
) (/usr/share/texlive/texmf-dist/tex/latex/pgf/compatibility/pgfcomp-version-0-65.sty
Package: pgfcomp-version-0-65 2020/01/08 v3.1.5b (3.1.5b)
\pgf@nodesepstart=\dimen183
\pgf@nodesepend=\dimen184
) (/usr/share/texlive/texmf-dist/tex/latex/pgf/compatibility/pgfcomp-version-1-18.sty
Package: pgfcomp-version-1-18 2020/01/08 v3.1.5b (3.1.5b)
)) (/usr/share/texlive/texmf-dist/tex/latex/pgf/utilities/pgffor.sty (/usr/share/texlive/texmf-dist/tex/latex/pgf/utilities/pgfkeys.sty (/usr/share/texlive/texmf-dist/tex/generic/pgf/utilities/pgfkeys.code.tex)) (/usr/share/texlive/texmf-dist/tex/latex/pgf/math/pgfmath.sty (/usr/share/texlive/texmf-dist/tex/generic/pgf/math/pgfmath.code.tex)) (/usr/share/texlive/texmf-dist/tex/generic/pgf/utilities/pgffor.code.tex
Package: pgffor 2020/01/08 v3.1.5b (3.1.5b)
 (/usr/share/texlive/texmf-dist/tex/generic/pgf/math/pgfmath.code.tex)
\pgffor@iter=\dimen185
\pgffor@skip=\dimen186
\pgffor@stack=\toks32
\pgffor@toks=\toks33
)) (/usr/share/texlive/texmf-dist/tex/generic/pgf/frontendlayer/tikz/tikz.code.tex
Package: tikz 2020/01/08 v3.1.5b (3.1.5b)
 (/usr/share/texlive/texmf-dist/tex/generic/pgf/libraries/pgflibraryplothandlers.code.tex
File: pgflibraryplothandlers.code.tex 2020/01/08 v3.1.5b (3.1.5b)
\pgf@plot@mark@count=\count266
\pgfplotmarksize=\dimen187
)
\tikz@lastx=\dimen188
\tikz@lasty=\dimen189
\tikz@lastxsaved=\dimen190
\tikz@lastysaved=\dimen191
\tikz@lastmovetox=\dimen192
\tikz@lastmovetoy=\dimen193
\tikzleveldistance=\dimen194
\tikzsiblingdistance=\dimen195
\tikz@figbox=\box55
\tikz@figbox@bg=\box56
\tikz@tempbox=\box57
\tikz@tempbox@bg=\box58
\tikztreelevel=\count267
\tikznumberofchildren=\count268
\tikznumberofcurrentchild=\count269
\tikz@fig@count=\count270
 (/usr/share/texlive/texmf-dist/tex/generic/pgf/modules/pgfmodulematrix.code.tex
File: pgfmodulematrix.code.tex 2020/01/08 v3.1.5b (3.1.5b)
\pgfmatrixcurrentrow=\count271
\pgfmatrixcurrentcolumn=\count272
\pgf@matrix@numberofcolumns=\count273
)
\tikz@expandcount=\count274
 (/usr/share/texlive/texmf-dist/tex/generic/pgf/frontendlayer/tikz/libraries/tikzlibrarytopaths.code.tex
File: tikzlibrarytopaths.code.tex 2020/01/08 v3.1.5b (3.1.5b)
))) (/usr/share/texlive/texmf-dist/tex/latex/tikz-qtree/pgftree.sty (/usr/share/texlive/texmf-dist/tex/latex/tikz-qtree/pgfsubpic.sty (/usr/share/texlive/texmf-dist/tex/latex/tikz-qtree/pgfsubpic.tex
\pgf@subpicminx=\dimen196
\pgf@subpicminy=\dimen197
\pgf@subpicmaxx=\dimen198
\pgf@subpicmaxy=\dimen199
)) (/usr/share/texlive/texmf-dist/tex/latex/tikz-qtree/pgftree.tex
\levelsep=\dimen256
\subtreesep=\dimen257
\smuggle@levelsep=\dimen258
\smuggle@subtreesep=\dimen259
\this@levelsep=\dimen260
\this@subtreesep=\dimen261
\pgftree@childx=\dimen262
\pgftree@savechildx=\dimen263
\pgftree@childy=\dimen264
\pgftree@savechildy=\dimen265
\pgftree@childi=\count275
\pgftree@savechildi=\count276
\pgftree@level=\count277
\pgftree@depth=\dimen266
\pgf@subpic@hbox@children=\box59
\pgf@subpic@minx@children=\dimen267
\pgf@subpic@miny@children=\dimen268
\pgf@subpic@maxx@children=\dimen269
\pgf@subpic@maxy@children=\dimen270
\pgftree@lastchildx=\dimen271
\pgftree@lastchildy=\dimen272
)) (/usr/share/texlive/texmf-dist/tex/latex/tikz-qtree/tikz-qtree.tex
\@result=\toks34
\child@list=\toks35
\root@node=\toks36
)) (/usr/share/texlive/texmf-dist/tex/latex/pgfplots/pgfplots.sty (/usr/share/texlive/texmf-dist/tex/generic/pgfplots/pgfplots.revision.tex)
Package: pgfplots 2018/03/28 v1.16 Data Visualization (1.16)
 (/usr/share/texlive/texmf-dist/tex/generic/pgfplots/pgfplots.code.tex (/usr/share/texlive/texmf-dist/tex/generic/pgfplots/pgfplotscore.code.tex
\t@pgfplots@toka=\toks37
\t@pgfplots@tokb=\toks38
\t@pgfplots@tokc=\toks39
\pgfplots@tmpa=\dimen273
\c@pgfplots@coordindex=\count278
\c@pgfplots@scanlineindex=\count279
 (/usr/share/texlive/texmf-dist/tex/generic/pgfplots/sys/pgfplotssysgeneric.code.tex)) (/usr/share/texlive/texmf-dist/tex/generic/pgfplots/libs/pgfplotslibrary.code.tex) (/usr/share/texlive/texmf-dist/tex/generic/pgfplots/oldpgfcompatib/pgfplotsoldpgfsupp_loader.code.tex (/usr/share/texlive/texmf-dist/tex/generic/pgf/libraries/pgflibraryfpu.code.tex)) (/usr/share/texlive/texmf-dist/tex/generic/pgfplots/util/pgfplotsutil.code.tex (/usr/share/texlive/texmf-dist/tex/generic/pgfplots/liststructure/pgfplotsliststructure.code.tex) (/usr/share/texlive/texmf-dist/tex/generic/pgfplots/liststructure/pgfplotsliststructureext.code.tex) (/usr/share/texlive/texmf-dist/tex/generic/pgfplots/liststructure/pgfplotsarray.code.tex
\c@pgfplotsarray@tmp=\count280
) (/usr/share/texlive/texmf-dist/tex/generic/pgfplots/liststructure/pgfplotsmatrix.code.tex) (/usr/share/texlive/texmf-dist/tex/generic/pgfplots/numtable/pgfplotstableshared.code.tex
\c@pgfplotstable@counta=\count281
\t@pgfplotstable@a=\toks40
) (/usr/share/texlive/texmf-dist/tex/generic/pgfplots/liststructure/pgfplotsdeque.code.tex) (/usr/share/texlive/texmf-dist/tex/generic/pgfplots/util/pgfplotsbinary.code.tex (/usr/share/texlive/texmf-dist/tex/generic/pgfplots/util/pgfplotsbinary.data.code.tex)) (/usr/share/texlive/texmf-dist/tex/generic/pgfplots/util/pgfplotsutil.verb.code.tex) (/usr/share/texlive/texmf-dist/tex/generic/pgfplots/libs/pgflibrarypgfplots.surfshading.code.tex
\c@pgfplotslibrarysurf@no=\count282
 (/usr/share/texlive/texmf-dist/tex/generic/pgfplots/sys/pgflibrarypgfplots.surfshading.pgfsys-pdftex.def))) (/usr/share/texlive/texmf-dist/tex/generic/pgfplots/util/pgfplotscolormap.code.tex (/usr/share/texlive/texmf-dist/tex/generic/pgfplots/util/pgfplotscolor.code.tex)) (/usr/share/texlive/texmf-dist/tex/generic/pgfplots/pgfplotsstackedplots.code.tex) (/usr/share/texlive/texmf-dist/tex/generic/pgfplots/pgfplotsplothandlers.code.tex (/usr/share/texlive/texmf-dist/tex/generic/pgfplots/pgfplotsmeshplothandler.code.tex (/usr/share/texlive/texmf-dist/tex/generic/pgfplots/pgfplotsmeshplotimage.code.tex))) (/usr/share/texlive/texmf-dist/tex/generic/pgfplots/pgfplots.scaling.code.tex) (/usr/share/texlive/texmf-dist/tex/generic/pgfplots/pgfplotscoordprocessing.code.tex) (/usr/share/texlive/texmf-dist/tex/generic/pgfplots/pgfplots.errorbars.code.tex) (/usr/share/texlive/texmf-dist/tex/generic/pgfplots/pgfplots.markers.code.tex) (/usr/share/texlive/texmf-dist/tex/generic/pgfplots/pgfplotsticks.code.tex) (/usr/share/texlive/texmf-dist/tex/generic/pgfplots/pgfplots.paths.code.tex) (/usr/share/texlive/texmf-dist/tex/generic/pgf/frontendlayer/tikz/libraries/tikzlibrarydecorations.code.tex (/usr/share/texlive/texmf-dist/tex/generic/pgf/modules/pgfmoduledecorations.code.tex
\pgfdecoratedcompleteddistance=\dimen274
\pgfdecoratedremainingdistance=\dimen275
\pgfdecoratedinputsegmentcompleteddistance=\dimen276
\pgfdecoratedinputsegmentremainingdistance=\dimen277
\pgf@decorate@distancetomove=\dimen278
\pgf@decorate@repeatstate=\count283
\pgfdecorationsegmentamplitude=\dimen279
\pgfdecorationsegmentlength=\dimen280
)
\tikz@lib@dec@box=\box60
) (/usr/share/texlive/texmf-dist/tex/generic/pgf/frontendlayer/tikz/libraries/tikzlibrarydecorations.pathmorphing.code.tex (/usr/share/texlive/texmf-dist/tex/generic/pgf/libraries/decorations/pgflibrarydecorations.pathmorphing.code.tex)) (/usr/share/texlive/texmf-dist/tex/generic/pgf/frontendlayer/tikz/libraries/tikzlibrarydecorations.pathreplacing.code.tex (/usr/share/texlive/texmf-dist/tex/generic/pgf/libraries/decorations/pgflibrarydecorations.pathreplacing.code.tex))
\pgfplots@numplots=\count284
\pgfplots@xmin@reg=\dimen281
\pgfplots@xmax@reg=\dimen282
\pgfplots@ymin@reg=\dimen283
\pgfplots@ymax@reg=\dimen284
\pgfplots@zmin@reg=\dimen285
\pgfplots@zmax@reg=\dimen286
) (/usr/share/texlive/texmf-dist/tex/generic/pgf/frontendlayer/tikz/libraries/tikzlibraryplotmarks.code.tex
File: tikzlibraryplotmarks.code.tex 2020/01/08 v3.1.5b (3.1.5b)

(/usr/share/texlive/texmf-dist/tex/generic/pgf/libraries/pgflibraryplotmarks.code.tex
File: pgflibraryplotmarks.code.tex 2020/01/08 v3.1.5b (3.1.5b)
))) (/usr/share/texlive/texmf-dist/tex/latex/hyperref/hyperref.sty
Package: hyperref 2020/01/14 v7.00d Hypertext links for LaTeX
 (/usr/share/texlive/texmf-dist/tex/generic/ltxcmds/ltxcmds.sty
Package: ltxcmds 2019/12/15 v1.24 LaTeX kernel commands for general use (HO)
) (/usr/share/texlive/texmf-dist/tex/latex/pdftexcmds/pdftexcmds.sty
Package: pdftexcmds 2019/11/24 v0.31 Utility functions of pdfTeX for LuaTeX (HO)
 (/usr/share/texlive/texmf-dist/tex/generic/infwarerr/infwarerr.sty
Package: infwarerr 2019/12/03 v1.5 Providing info/warning/error messages (HO)
)
Package pdftexcmds Info: \pdf@primitive is available.
Package pdftexcmds Info: \pdf@ifprimitive is available.
Package pdftexcmds Info: \pdfdraftmode found.
) (/usr/share/texlive/texmf-dist/tex/generic/kvsetkeys/kvsetkeys.sty
Package: kvsetkeys 2019/12/15 v1.18 Key value parser (HO)
) (/usr/share/texlive/texmf-dist/tex/generic/kvdefinekeys/kvdefinekeys.sty
Package: kvdefinekeys 2019-12-19 v1.6 Define keys (HO)
) (/usr/share/texlive/texmf-dist/tex/generic/pdfescape/pdfescape.sty
Package: pdfescape 2019/12/09 v1.15 Implements pdfTeX's escape features (HO)
) (/usr/share/texlive/texmf-dist/tex/latex/hycolor/hycolor.sty
Package: hycolor 2020-01-27 v1.10 Color options for hyperref/bookmark (HO)
) (/usr/share/texlive/texmf-dist/tex/latex/letltxmacro/letltxmacro.sty
Package: letltxmacro 2019/12/03 v1.6 Let assignment for LaTeX macros (HO)
) (/usr/share/texlive/texmf-dist/tex/latex/auxhook/auxhook.sty
Package: auxhook 2019-12-17 v1.6 Hooks for auxiliary files (HO)
) (/usr/share/texlive/texmf-dist/tex/latex/kvoptions/kvoptions.sty
Package: kvoptions 2019/11/29 v3.13 Key value format for package options (HO)
)
\@linkdim=\dimen287
\Hy@linkcounter=\count285
\Hy@pagecounter=\count286
 (/usr/share/texlive/texmf-dist/tex/latex/hyperref/pd1enc.def
File: pd1enc.def 2020/01/14 v7.00d Hyperref: PDFDocEncoding definition (HO)
Now handling font encoding PD1 ...
... no UTF-8 mapping file for font encoding PD1
) (/usr/share/texlive/texmf-dist/tex/generic/intcalc/intcalc.sty
Package: intcalc 2019/12/15 v1.3 Expandable calculations with integers (HO)
) (/usr/share/texlive/texmf-dist/tex/generic/etexcmds/etexcmds.sty
Package: etexcmds 2019/12/15 v1.7 Avoid name clashes with e-TeX commands (HO)
)
\Hy@SavedSpaceFactor=\count287
\pdfmajorversion=\count288
Package hyperref Info: Hyper figures OFF on input line 4547.
Package hyperref Info: Link nesting OFF on input line 4552.
Package hyperref Info: Hyper index ON on input line 4555.
Package hyperref Info: Plain pages OFF on input line 4562.
Package hyperref Info: Backreferencing OFF on input line 4567.
Package hyperref Info: Implicit mode ON; LaTeX internals redefined.
Package hyperref Info: Bookmarks ON on input line 4800.
\c@Hy@tempcnt=\count289
 (/usr/share/texlive/texmf-dist/tex/latex/url/url.sty
\Urlmuskip=\muskip17
Package: url 2013/09/16  ver 3.4  Verb mode for urls, etc.
)
LaTeX Info: Redefining \url on input line 5159.
\XeTeXLinkMargin=\dimen288
 (/usr/share/texlive/texmf-dist/tex/generic/bitset/bitset.sty
Package: bitset 2019/12/09 v1.3 Handle bit-vector datatype (HO)
 (/usr/share/texlive/texmf-dist/tex/generic/bigintcalc/bigintcalc.sty
Package: bigintcalc 2019/12/15 v1.5 Expandable calculations on big integers (HO)
))
\Fld@menulength=\count290
\Field@Width=\dimen289
\Fld@charsize=\dimen290
Package hyperref Info: Hyper figures OFF on input line 6430.
Package hyperref Info: Link nesting OFF on input line 6435.
Package hyperref Info: Hyper index ON on input line 6438.
Package hyperref Info: backreferencing OFF on input line 6445.
Package hyperref Info: Link coloring OFF on input line 6450.
Package hyperref Info: Link coloring with OCG OFF on input line 6455.
Package hyperref Info: PDF/A mode OFF on input line 6460.
LaTeX Info: Redefining \ref on input line 6500.
LaTeX Info: Redefining \pageref on input line 6504.
 (/usr/share/texlive/texmf-dist/tex/generic/atbegshi/atbegshi.sty
Package: atbegshi 2019/12/05 v1.19 At begin shipout hook (HO)
)
\Hy@abspage=\count291
\c@Item=\count292
\c@Hfootnote=\count293
)
Package hyperref Info: Driver (autodetected): hpdftex.
 (/usr/share/texlive/texmf-dist/tex/latex/hyperref/hpdftex.def
File: hpdftex.def 2020/01/14 v7.00d Hyperref driver for pdfTeX
 (/usr/share/texlive/texmf-dist/tex/latex/atveryend/atveryend.sty
Package: atveryend 2019-12-11 v1.11 Hooks at the very end of document (HO)
Package atveryend Info: \enddocument detected (standard20110627).
)
\Fld@listcount=\count294
\c@bookmark@seq@number=\count295
 (/usr/share/texlive/texmf-dist/tex/latex/rerunfilecheck/rerunfilecheck.sty
Package: rerunfilecheck 2019/12/05 v1.9 Rerun checks for auxiliary files (HO)
 (/usr/share/texlive/texmf-dist/tex/generic/uniquecounter/uniquecounter.sty
Package: uniquecounter 2019/12/15 v1.4 Provide unlimited unique counter (HO)
)
Package uniquecounter Info: New unique counter `rerunfilecheck' on input line 286.
)
\Hy@SectionHShift=\skip52
) (/usr/share/texlive/texmf-dist/tex/latex/cases/cases.sty
Package: cases 2002/05/02 ver 2.5 
) (/usr/share/texlive/texmf-dist/tex/latex/float/float.sty
Package: float 2001/11/08 v1.3d Float enhancements (AL)
\c@float@type=\count296
\float@exts=\toks41
\float@box=\box61
\@float@everytoks=\toks42
\@floatcapt=\box62
) (/usr/share/texlive/texmf-dist/tex/generic/pgf/frontendlayer/tikz/libraries/tikzlibrarytrees.code.tex
File: tikzlibrarytrees.code.tex 2020/01/08 v3.1.5b (3.1.5b)
) (/usr/share/texlive/texmf-dist/tex/latex/l3backend/l3backend-pdfmode.def
File: l3backend-pdfmode.def 2020-02-03 L3 backend support: PDF mode
\l__kernel_color_stack_int=\count297
\l__pdf_internal_box=\box63
) (./main.aux)
\openout1 = `main.aux'.

LaTeX Font Info:    Checking defaults for OML/cmm/m/it on input line 16.
LaTeX Font Info:    ... okay on input line 16.
LaTeX Font Info:    Checking defaults for OMS/cmsy/m/n on input line 16.
LaTeX Font Info:    ... okay on input line 16.
LaTeX Font Info:    Checking defaults for OT1/cmr/m/n on input line 16.
LaTeX Font Info:    ... okay on input line 16.
LaTeX Font Info:    Checking defaults for T1/cmr/m/n on input line 16.
LaTeX Font Info:    ... okay on input line 16.
LaTeX Font Info:    Checking defaults for TS1/cmr/m/n on input line 16.
LaTeX Font Info:    ... okay on input line 16.
LaTeX Font Info:    Checking defaults for OMX/cmex/m/n on input line 16.
LaTeX Font Info:    ... okay on input line 16.
LaTeX Font Info:    Checking defaults for U/cmr/m/n on input line 16.
LaTeX Font Info:    ... okay on input line 16.
LaTeX Font Info:    Checking defaults for C00/song/m/n on input line 16.
LaTeX Font Info:    ... okay on input line 16.
LaTeX Font Info:    Checking defaults for C05/song/m/n on input line 16.
LaTeX Font Info:    ... okay on input line 16.
LaTeX Font Info:    Checking defaults for C09/song/m/n on input line 16.
LaTeX Font Info:    ... okay on input line 16.
LaTeX Font Info:    Checking defaults for C10/song/m/n on input line 16.
LaTeX Font Info:    ... okay on input line 16.
LaTeX Font Info:    Checking defaults for C20/song/m/n on input line 16.
LaTeX Font Info:    ... okay on input line 16.
LaTeX Font Info:    Checking defaults for C19/song/m/n on input line 16.
LaTeX Font Info:    ... okay on input line 16.
LaTeX Font Info:    Checking defaults for C40/song/m/n on input line 16.
LaTeX Font Info:    ... okay on input line 16.
LaTeX Font Info:    Checking defaults for C42/song/m/n on input line 16.
LaTeX Font Info:    ... okay on input line 16.
LaTeX Font Info:    Checking defaults for C43/song/m/n on input line 16.
LaTeX Font Info:    ... okay on input line 16.
LaTeX Font Info:    Checking defaults for C50/song/m/n on input line 16.
LaTeX Font Info:    ... okay on input line 16.
LaTeX Font Info:    Checking defaults for C52/song/m/n on input line 16.
LaTeX Font Info:    ... okay on input line 16.
LaTeX Font Info:    Checking defaults for C49/song/m/n on input line 16.
LaTeX Font Info:    ... okay on input line 16.
LaTeX Font Info:    Checking defaults for C60/mj/m/n on input line 16.
LaTeX Font Info:    ... okay on input line 16.
LaTeX Font Info:    Checking defaults for C61/mj/m/n on input line 16.
LaTeX Font Info:    ... okay on input line 16.
LaTeX Font Info:    Checking defaults for C63/mj/m/n on input line 16.
LaTeX Font Info:    ... okay on input line 16.
LaTeX Font Info:    Checking defaults for C64/mj/m/n on input line 16.
LaTeX Font Info:    ... okay on input line 16.
LaTeX Font Info:    Checking defaults for C65/mj/m/n on input line 16.
LaTeX Font Info:    ... okay on input line 16.
LaTeX Font Info:    Checking defaults for C70/song/m/n on input line 16.
LaTeX Font Info:    ... okay on input line 16.
LaTeX Font Info:    Checking defaults for C31/song/m/n on input line 16.
LaTeX Font Info:    ... okay on input line 16.
LaTeX Font Info:    Checking defaults for C32/song/m/n on input line 16.
LaTeX Font Info:    ... okay on input line 16.
LaTeX Font Info:    Checking defaults for C33/song/m/n on input line 16.
LaTeX Font Info:    ... okay on input line 16.
LaTeX Font Info:    Checking defaults for C34/song/m/n on input line 16.
LaTeX Font Info:    ... okay on input line 16.
LaTeX Font Info:    Checking defaults for C35/song/m/n on input line 16.
LaTeX Font Info:    ... okay on input line 16.
LaTeX Font Info:    Checking defaults for C36/song/m/n on input line 16.
LaTeX Font Info:    ... okay on input line 16.
LaTeX Font Info:    Checking defaults for C37/song/m/n on input line 16.
LaTeX Font Info:    ... okay on input line 16.
LaTeX Font Info:    Checking defaults for C80/song/m/n on input line 16.
LaTeX Font Info:    ... okay on input line 16.
LaTeX Font Info:    Checking defaults for C81/song/m/n on input line 16.
LaTeX Font Info:    ... okay on input line 16.
LaTeX Font Info:    Checking defaults for C01/song/m/n on input line 16.
LaTeX Font Info:    ... okay on input line 16.
LaTeX Font Info:    Checking defaults for C11/song/m/n on input line 16.
LaTeX Font Info:    ... okay on input line 16.
LaTeX Font Info:    Checking defaults for C21/song/m/n on input line 16.
LaTeX Font Info:    ... okay on input line 16.
LaTeX Font Info:    Checking defaults for C41/song/m/n on input line 16.
LaTeX Font Info:    ... okay on input line 16.
LaTeX Font Info:    Checking defaults for C62/song/m/n on input line 16.
LaTeX Font Info:    ... okay on input line 16.
LaTeX Font Info:    Checking defaults for PD1/pdf/m/n on input line 16.
LaTeX Font Info:    ... okay on input line 16.
 ABD: EveryShipout initializing macros (/usr/share/texlive/texmf-dist/tex/context/base/mkii/supp-pdf.mkii
[Loading MPS to PDF converter (version 2006.09.02).]
\scratchcounter=\count298
\scratchdimen=\dimen291
\scratchbox=\box64
\nofMPsegments=\count299
\nofMParguments=\count300
\everyMPshowfont=\toks43
\MPscratchCnt=\count301
\MPscratchDim=\dimen292
\MPnumerator=\count302
\makeMPintoPDFobject=\count303
\everyMPtoPDFconversion=\toks44
) (/usr/share/texlive/texmf-dist/tex/latex/epstopdf-pkg/epstopdf-base.sty
Package: epstopdf-base 2020-01-24 v2.11 Base part for package epstopdf
Package epstopdf-base Info: Redefining graphics rule for `.eps' on input line 485.
 (/usr/share/texlive/texmf-dist/tex/latex/latexconfig/epstopdf-sys.cfg
File: epstopdf-sys.cfg 2010/07/13 v1.3 Configuration of (r)epstopdf for TeX Live
))

Package pgfplots Warning: running in backwards compatibility mode (unsuitable tick labels; missing features). Consider writing \pgfplotsset{compat=1.16} into your preamble.
 on input line 16.

\AtBeginShipoutBox=\box65
Package hyperref Info: Link coloring OFF on input line 16.
(/usr/share/texlive/texmf-dist/tex/latex/hyperref/nameref.sty
Package: nameref 2019/09/16 v2.46 Cross-referencing by name of section
 (/usr/share/texlive/texmf-dist/tex/latex/refcount/refcount.sty
Package: refcount 2019/12/15 v3.6 Data extraction from label references (HO)
) (/usr/share/texlive/texmf-dist/tex/generic/gettitlestring/gettitlestring.sty
Package: gettitlestring 2019/12/15 v1.6 Cleanup title references (HO)
)
\c@section@level=\count304
)
LaTeX Info: Redefining \ref on input line 16.
LaTeX Info: Redefining \pageref on input line 16.
LaTeX Info: Redefining \nameref on input line 16.
 (./main.out) (./main.out)
\@outlinefile=\write4
\openout4 = `main.out'.

 (/usr/share/texmf/tex/latex/CJK/UTF8/UTF8.bdg
File: UTF8.bdg 2015/04/18 4.8.4
) (/usr/share/texmf/tex/latex/CJK/UTF8/UTF8.enc
File: UTF8.enc 2015/04/18 4.8.4
) (/usr/share/texmf/tex/latex/CJK/UTF8/UTF8.chr
File: UTF8.chr 2015/04/18 4.8.4
)
LaTeX Font Info:    Trying to load font information for C70+min on input line 19.
 (/usr/share/texmf/tex/latex/CJK/UTF8/c70min.fd
File: c70min.fd 2008/12/29 4.8.2
) (/usr/share/texmf/tex/latex/CJK/UTF8/c70min.fdx
File: c70min.fdx 2008/12/29 4.8.2
) [1

{/var/lib/texmf/fonts/map/pdftex/updmap/pdftex.map}]
Overfull \hbox (30.55586pt too wide) in paragraph at lines 20--23
\C70/min/m/n/10/30 S n Ï › ¸ » n Y y f n ∞ È ’ o\OT1/cmr/m/n/10 python\C70/min/m/n/10/30 g \C70/min/m/n/10/75 ^^_ \C70/min/m/n/10/62 ^^P \C70/min/m/n/10/30 U å ^^A \C70/min/m/n/10/6d ˚ \C70/min/m/n/10/4e ÿ \C70/min/m/n/10/30 U å _\OT1/cmr/m/n/10 notebook(.ipynb)\C70/min/m/n/10/30 g
 []

LaTeX Font Info:    Trying to load font information for OMS+cmr on input line 24.
(/usr/share/texlive/texmf-dist/tex/latex/base/omscmr.fd
File: omscmr.fd 2019/12/16 v2.5j Standard LaTeX font definitions
)
LaTeX Font Info:    Font shape `OMS/cmr/m/n' in size <10> not available
(Font)              Font shape `OMS/cmsy/m/n' tried instead on input line 24.
pdfTeX warning (ext4): destination with the same identifier (name{page.1}) has been already used, duplicate ignored
<to be read again> 
                   \relax 
l.25     \newpage
                  [1]
<data/1.png, id=67, 433.62pt x 289.08pt>
File: data/1.png Graphic file (type png)
<use data/1.png>
Package pdftex.def Info: data/1.png  used on input line 29.
(pdftex.def)             Requested size: 276.00105pt x 184.00926pt.
<data/2.png, id=69, 433.62pt x 289.08pt>
File: data/2.png Graphic file (type png)
<use data/2.png>
Package pdftex.def Info: data/2.png  used on input line 35.
(pdftex.def)             Requested size: 276.00105pt x 184.00926pt.
<data/3.png, id=70, 433.62pt x 289.08pt>
File: data/3.png Graphic file (type png)
<use data/3.png>
Package pdftex.def Info: data/3.png  used on input line 41.
(pdftex.def)             Requested size: 276.00105pt x 184.00926pt.


LaTeX Warning: `!h' float specifier changed to `!ht'.

<data/4.png, id=72, 433.62pt x 289.08pt>
File: data/4.png Graphic file (type png)
<use data/4.png>
Package pdftex.def Info: data/4.png  used on input line 46.
(pdftex.def)             Requested size: 276.00105pt x 184.00926pt.

LaTeX Warning: `!h' float specifier changed to `!ht'.

[2pdfTeX warning (ext4): destination with the same identifier (name{figure.0.1}) has been already used, duplicate ignored

\@EveryShipout@Output ...@Org@Shipout \box \@cclv 
                                                  
l.50     \clearpage
                   pdfTeX warning (ext4): destination with the same identifier (name{figure.0.2}) has been already used, duplicate ignored

\@EveryShipout@Output ...@Org@Shipout \box \@cclv 
                                                  
l.50     \clearpage
                    <./data/1.png> <./data/2.png>] [3pdfTeX warning (ext4): destination with the same identifier (name{figure.0.3}) has been already used, duplicate ignored

\@EveryShipout@Output ...@Org@Shipout \box \@cclv 
                                                  
l.50     \clearpage
                   pdfTeX warning (ext4): destination with the same identifier (name{figure.0.4}) has been already used, duplicate ignored

\@EveryShipout@Output ...@Org@Shipout \box \@cclv 
                                                  
l.50     \clearpage
                    <./data/3.png> <./data/4.png>]
<data/5.png, id=94, 433.62pt x 289.08pt>
File: data/5.png Graphic file (type png)
<use data/5.png>
Package pdftex.def Info: data/5.png  used on input line 53.
(pdftex.def)             Requested size: 276.00105pt x 184.00926pt.
<data/6.png, id=98, 433.62pt x 289.08pt>
File: data/6.png Graphic file (type png)
<use data/6.png>
Package pdftex.def Info: data/6.png  used on input line 58.
(pdftex.def)             Requested size: 276.00105pt x 184.00926pt.
 [4

pdfTeX warning (ext4): destination with the same identifier (name{figure.0.5}) has been already used, duplicate ignored

\@EveryShipout@Output ...@Org@Shipout \box \@cclv 
                                                  
l.62     \clearpage
                   pdfTeX warning (ext4): destination with the same identifier (name{figure.0.6}) has been already used, duplicate ignored

\@EveryShipout@Output ...@Org@Shipout \box \@cclv 
                                                  
l.62     \clearpage
                    <./data/5.png> <./data/6.png>]
<data/7.png, id=110, 433.62pt x 289.08pt>
File: data/7.png Graphic file (type png)
<use data/7.png>
Package pdftex.def Info: data/7.png  used on input line 65.
(pdftex.def)             Requested size: 276.00105pt x 184.00926pt.
<data/8.png, id=113, 433.62pt x 289.08pt>
File: data/8.png Graphic file (type png)
<use data/8.png>
Package pdftex.def Info: data/8.png  used on input line 69.
(pdftex.def)             Requested size: 276.00105pt x 184.00926pt.
<data/9.png, id=114, 433.62pt x 289.08pt>
File: data/9.png Graphic file (type png)
<use data/9.png>
Package pdftex.def Info: data/9.png  used on input line 73.
(pdftex.def)             Requested size: 276.00105pt x 184.00926pt.


LaTeX Warning: `!h' float specifier changed to `!ht'.

<data/10.png, id=115, 433.62pt x 289.08pt>
File: data/10.png Graphic file (type png)
<use data/10.png>
Package pdftex.def Info: data/10.png  used on input line 77.
(pdftex.def)             Requested size: 276.00105pt x 184.00926pt.

LaTeX Warning: `!h' float specifier changed to `!ht'.

[5

pdfTeX warning (ext4): destination with the same identifier (name{figure.0.7}) has been already used, duplicate ignored

\@EveryShipout@Output ...@Org@Shipout \box \@cclv 
                                                  
l.81     \clearpage
                   pdfTeX warning (ext4): destination with the same identifier (name{figure.0.8}) has been already used, duplicate ignored

\@EveryShipout@Output ...@Org@Shipout \box \@cclv 
                                                  
l.81     \clearpage
                    <./data/7.png> <./data/8.png>] [6pdfTeX warning (ext4): destination with the same identifier (name{figure.0.9}) has been already used, duplicate ignored

\@EveryShipout@Output ...@Org@Shipout \box \@cclv 
                                                  
l.81     \clearpage
                   pdfTeX warning (ext4): destination with the same identifier (name{figure.0.10}) has been already used, duplicate ignored

\@EveryShipout@Output ...@Org@Shipout \box \@cclv 
                                                  
l.81     \clearpage
                    <./data/9.png> <./data/10.png>]
<data/11.png, id=134, 433.62pt x 289.08pt>
File: data/11.png Graphic file (type png)
<use data/11.png>
Package pdftex.def Info: data/11.png  used on input line 84.
(pdftex.def)             Requested size: 276.00105pt x 184.00926pt.
 [7

pdfTeX warning (ext4): destination with the same identifier (name{figure.0.11}) has been already used, duplicate ignored

\@EveryShipout@Output ...@Org@Shipout \box \@cclv 
                                                  
l.89     \clearpage
                    <./data/11.png>]
<data/12.png, id=144, 433.62pt x 289.08pt>
File: data/12.png Graphic file (type png)
<use data/12.png>
Package pdftex.def Info: data/12.png  used on input line 92.
(pdftex.def)             Requested size: 276.00105pt x 184.00926pt.
 [8

pdfTeX warning (ext4): destination with the same identifier (name{figure.0.12}) has been already used, duplicate ignored

\@EveryShipout@Output ...@Org@Shipout \box \@cclv 
                                                  
l.98     \clearpage
                    <./data/12.png>]
<data/13.png, id=152, 433.62pt x 289.08pt>
File: data/13.png Graphic file (type png)
<use data/13.png>
Package pdftex.def Info: data/13.png  used on input line 101.
(pdftex.def)             Requested size: 276.00105pt x 184.00926pt.
<data/14.png, id=154, 433.62pt x 289.08pt>
File: data/14.png Graphic file (type png)
<use data/14.png>
Package pdftex.def Info: data/14.png  used on input line 109.
(pdftex.def)             Requested size: 276.00105pt x 184.00926pt.
 [9

pdfTeX warning (ext4): destination with the same identifier (name{figure.0.13}) has been already used, duplicate ignored

\@EveryShipout@Output ...@Org@Shipout \box \@cclv 
                                                  
l.114     \clearpage
                    pdfTeX warning (ext4): destination with the same identifier (name{figure.0.14}) has been already used, duplicate ignored

\@EveryShipout@Output ...@Org@Shipout \box \@cclv 
                                                  
l.114     \clearpage
                     <./data/13.png> <./data/14.png>]
<data/15.png, id=164, 433.62pt x 289.08pt>
File: data/15.png Graphic file (type png)
<use data/15.png>
Package pdftex.def Info: data/15.png  used on input line 117.
(pdftex.def)             Requested size: 276.00105pt x 184.00926pt.
 [10

pdfTeX warning (ext4): destination with the same identifier (name{figure.0.15}) has been already used, duplicate ignored

\@EveryShipout@Output ...@Org@Shipout \box \@cclv 
                                                  
l.122     \clearpage
                     <./data/15.png>]
<data/ex-8-F-7.png, id=176, 433.62pt x 289.08pt>
File: data/ex-8-F-7.png Graphic file (type png)
<use data/ex-8-F-7.png>
Package pdftex.def Info: data/ex-8-F-7.png  used on input line 128.
(pdftex.def)             Requested size: 276.00105pt x 184.00926pt.
<data/ex-8-2S.png, id=177, 433.62pt x 289.08pt>
File: data/ex-8-2S.png Graphic file (type png)
<use data/ex-8-2S.png>
Package pdftex.def Info: data/ex-8-2S.png  used on input line 133.
(pdftex.def)             Requested size: 276.00105pt x 184.00926pt.
<data/ex-8-NA-1.png, id=178, 433.62pt x 289.08pt>
File: data/ex-8-NA-1.png Graphic file (type png)
<use data/ex-8-NA-1.png>
Package pdftex.def Info: data/ex-8-NA-1.png  used on input line 138.
(pdftex.def)             Requested size: 169.0519pt x 112.70103pt.
<data/ex-8-NA-2.png, id=179, 433.62pt x 289.08pt>
File: data/ex-8-NA-2.png Graphic file (type png)
<use data/ex-8-NA-2.png>
Package pdftex.def Info: data/ex-8-NA-2.png  used on input line 139.
(pdftex.def)             Requested size: 169.0519pt x 112.70103pt.
<data/ex-8-NA-3.png, id=180, 433.62pt x 289.08pt>
File: data/ex-8-NA-3.png Graphic file (type png)
<use data/ex-8-NA-3.png>
Package pdftex.def Info: data/ex-8-NA-3.png  used on input line 141.
(pdftex.def)             Requested size: 169.0519pt x 112.70103pt.
<data/ex-8-NA-4.png, id=181, 433.62pt x 289.08pt>
File: data/ex-8-NA-4.png Graphic file (type png)
<use data/ex-8-NA-4.png>
Package pdftex.def Info: data/ex-8-NA-4.png  used on input line 142.
(pdftex.def)             Requested size: 169.0519pt x 112.70103pt.
<data/ex-8-NA-5.png, id=182, 433.62pt x 289.08pt>
File: data/ex-8-NA-5.png Graphic file (type png)
<use data/ex-8-NA-5.png>
Package pdftex.def Info: data/ex-8-NA-5.png  used on input line 144.
(pdftex.def)             Requested size: 169.0519pt x 112.70103pt.
<data/ex-8-NA-6.png, id=183, 433.62pt x 289.08pt>
File: data/ex-8-NA-6.png Graphic file (type png)
<use data/ex-8-NA-6.png>
Package pdftex.def Info: data/ex-8-NA-6.png  used on input line 145.
(pdftex.def)             Requested size: 169.0519pt x 112.70103pt.
<data/ex-8-NA-7.png, id=184, 433.62pt x 289.08pt>
File: data/ex-8-NA-7.png Graphic file (type png)
<use data/ex-8-NA-7.png>
Package pdftex.def Info: data/ex-8-NA-7.png  used on input line 147.
(pdftex.def)             Requested size: 169.0519pt x 112.70103pt.
 [11

pdfTeX warning (ext4): destination with the same identifier (name{figure.0.16}) has been already used, duplicate ignored

\@EveryShipout@Output ...@Org@Shipout \box \@cclv 
                                                  
l.149     \end{figure}
                      pdfTeX warning (ext4): destination with the same identifier (name{figure.0.17}) has been already used, duplicate ignored

\@EveryShipout@Output ...@Org@Shipout \box \@cclv 
                                                  
l.149     \end{figure}
                       <./data/ex-8-F-7.png> <./data/ex-8-2S.png>]
<data/ex-8-F-1.png, id=194, 433.62pt x 289.08pt>
File: data/ex-8-F-1.png Graphic file (type png)
<use data/ex-8-F-1.png>
Package pdftex.def Info: data/ex-8-F-1.png  used on input line 151.
(pdftex.def)             Requested size: 169.0519pt x 112.70103pt.
<data/ex-8-F-2.png, id=195, 433.62pt x 289.08pt>
File: data/ex-8-F-2.png Graphic file (type png)
<use data/ex-8-F-2.png>
Package pdftex.def Info: data/ex-8-F-2.png  used on input line 152.
(pdftex.def)             Requested size: 169.0519pt x 112.70103pt.
<data/ex-8-F-3.png, id=196, 433.62pt x 289.08pt>
File: data/ex-8-F-3.png Graphic file (type png)
<use data/ex-8-F-3.png>
Package pdftex.def Info: data/ex-8-F-3.png  used on input line 154.
(pdftex.def)             Requested size: 169.0519pt x 112.70103pt.
<data/ex-8-F-4.png, id=197, 433.62pt x 289.08pt>
File: data/ex-8-F-4.png Graphic file (type png)
<use data/ex-8-F-4.png>
Package pdftex.def Info: data/ex-8-F-4.png  used on input line 155.
(pdftex.def)             Requested size: 169.0519pt x 112.70103pt.
<data/ex-8-F-5.png, id=198, 433.62pt x 289.08pt>
File: data/ex-8-F-5.png Graphic file (type png)
<use data/ex-8-F-5.png>
Package pdftex.def Info: data/ex-8-F-5.png  used on input line 157.
(pdftex.def)             Requested size: 169.0519pt x 112.70103pt.
<data/ex-8-F-6.png, id=199, 433.62pt x 289.08pt>
File: data/ex-8-F-6.png Graphic file (type png)
<use data/ex-8-F-6.png>
Package pdftex.def Info: data/ex-8-F-6.png  used on input line 158.
(pdftex.def)             Requested size: 169.0519pt x 112.70103pt.
 [12pdfTeX warning (ext4): destination with the same identifier (name{figure.0.18}) has been already used, duplicate ignored

\@EveryShipout@Output ...@Org@Shipout \box \@cclv 
                                                  
l.162     \clearpage
                     <./data/ex-8-NA-1.png> <./data/ex-8-NA-2.png> <./data/ex-8-NA-3.png> <./data/ex-8-NA-4.png> <./data/ex-8-NA-5.png> <./data/ex-8-NA-6.png> <./data/ex-8-NA-7.png>] [13pdfTeX warning (ext4): destination with the same identifier (name{figure.0.19}) has been already used, duplicate ignored

\@EveryShipout@Output ...@Org@Shipout \box \@cclv 
                                                  
l.162     \clearpage
                     <./data/ex-8-F-1.png> <./data/ex-8-F-2.png> <./data/ex-8-F-3.png> <./data/ex-8-F-4.png> <./data/ex-8-F-5.png> <./data/ex-8-F-6.png>]
<data/ex-9-K-2.png, id=226, 433.62pt x 289.08pt>
File: data/ex-9-K-2.png Graphic file (type png)
<use data/ex-9-K-2.png>
Package pdftex.def Info: data/ex-9-K-2.png  used on input line 169.
(pdftex.def)             Requested size: 241.49895pt x 161.00148pt.
<data/ex-9-K-3.png, id=227, 433.62pt x 289.08pt>
File: data/ex-9-K-3.png Graphic file (type png)
<use data/ex-9-K-3.png>
Package pdftex.def Info: data/ex-9-K-3.png  used on input line 173.
(pdftex.def)             Requested size: 241.49895pt x 161.00148pt.
 [14

pdfTeX warning (ext4): destination with the same identifier (name{figure.0.20}) has been already used, duplicate ignored

\@EveryShipout@Output ...@Org@Shipout \box \@cclv 
                                                  
l.177     \clearpage
                    pdfTeX warning (ext4): destination with the same identifier (name{figure.0.21}) has been already used, duplicate ignored

\@EveryShipout@Output ...@Org@Shipout \box \@cclv 
                                                  
l.177     \clearpage
                     <./data/ex-9-K-2.png> <./data/ex-9-K-3.png>]
<data/ex9-def.png, id=238, 433.62pt x 289.08pt>
File: data/ex9-def.png Graphic file (type png)
<use data/ex9-def.png>
Package pdftex.def Info: data/ex9-def.png  used on input line 183.
(pdftex.def)             Requested size: 276.00105pt x 184.00926pt.
<data/ex9-T.png, id=239, 433.62pt x 289.08pt>
File: data/ex9-T.png Graphic file (type png)
<use data/ex9-T.png>
Package pdftex.def Info: data/ex9-T.png  used on input line 187.
(pdftex.def)             Requested size: 276.00105pt x 184.00926pt.
 [15

pdfTeX warning (ext4): destination with the same identifier (name{figure.0.22}) has been already used, duplicate ignored

\@EveryShipout@Output ...@Org@Shipout \box \@cclv 
                                                  
l.192     \clearpage
                    pdfTeX warning (ext4): destination with the same identifier (name{figure.0.23}) has been already used, duplicate ignored

\@EveryShipout@Output ...@Org@Shipout \box \@cclv 
                                                  
l.192     \clearpage
                     <./data/ex9-def.png> <./data/ex9-T.png>]
<data/ex10-1.png, id=251, 433.62pt x 289.08pt>
File: data/ex10-1.png Graphic file (type png)
<use data/ex10-1.png>
Package pdftex.def Info: data/ex10-1.png  used on input line 198.
(pdftex.def)             Requested size: 276.00105pt x 184.00926pt.
<data/ex10-2.png, id=252, 433.62pt x 289.08pt>
File: data/ex10-2.png Graphic file (type png)
<use data/ex10-2.png>
Package pdftex.def Info: data/ex10-2.png  used on input line 202.
(pdftex.def)             Requested size: 276.00105pt x 184.00926pt.
<data/ex10-3.png, id=253, 433.62pt x 289.08pt>
File: data/ex10-3.png Graphic file (type png)
<use data/ex10-3.png>
Package pdftex.def Info: data/ex10-3.png  used on input line 206.
(pdftex.def)             Requested size: 276.00105pt x 184.00926pt.


LaTeX Warning: `!h' float specifier changed to `!ht'.

[16

pdfTeX warning (ext4): destination with the same identifier (name{figure.0.24}) has been already used, duplicate ignored

\@EveryShipout@Output ...@Org@Shipout \box \@cclv 
                                                  
l.210     \clearpage
                    pdfTeX warning (ext4): destination with the same identifier (name{figure.0.25}) has been already used, duplicate ignored

\@EveryShipout@Output ...@Org@Shipout \box \@cclv 
                                                  
l.210     \clearpage
                     <./data/ex10-1.png> <./data/ex10-2.png>] [17pdfTeX warning (ext4): destination with the same identifier (name{figure.0.26}) has been already used, duplicate ignored

\@EveryShipout@Output ...@Org@Shipout \box \@cclv 
                                                  
l.210     \clearpage
                     <./data/ex10-3.png>]
<data/ex-11-start.png, id=271, 433.62pt x 289.08pt>
File: data/ex-11-start.png Graphic file (type png)
<use data/ex-11-start.png>
Package pdftex.def Info: data/ex-11-start.png  used on input line 217.
(pdftex.def)             Requested size: 276.00105pt x 184.00926pt.
<data/ex-11-res.png, id=272, 433.62pt x 289.08pt>
File: data/ex-11-res.png Graphic file (type png)
<use data/ex-11-res.png>
Package pdftex.def Info: data/ex-11-res.png  used on input line 221.
(pdftex.def)             Requested size: 276.00105pt x 184.00926pt.
<data/ex-11-D-1.png, id=273, 433.62pt x 289.08pt>
File: data/ex-11-D-1.png Graphic file (type png)
<use data/ex-11-D-1.png>
Package pdftex.def Info: data/ex-11-D-1.png  used on input line 225.
(pdftex.def)             Requested size: 169.0519pt x 112.70103pt.
<data/ex-11-D-2.png, id=274, 433.62pt x 289.08pt>
File: data/ex-11-D-2.png Graphic file (type png)
<use data/ex-11-D-2.png>
Package pdftex.def Info: data/ex-11-D-2.png  used on input line 226.
(pdftex.def)             Requested size: 169.0519pt x 112.70103pt.
<data/ex-11-D-3.png, id=275, 433.62pt x 289.08pt>
File: data/ex-11-D-3.png Graphic file (type png)
<use data/ex-11-D-3.png>
Package pdftex.def Info: data/ex-11-D-3.png  used on input line 228.
(pdftex.def)             Requested size: 169.0519pt x 112.70103pt.
<data/ex-11-D-4.png, id=276, 433.62pt x 289.08pt>
File: data/ex-11-D-4.png Graphic file (type png)
<use data/ex-11-D-4.png>
Package pdftex.def Info: data/ex-11-D-4.png  used on input line 229.
(pdftex.def)             Requested size: 169.0519pt x 112.70103pt.
<data/ex-11-D-5.png, id=277, 433.62pt x 289.08pt>
File: data/ex-11-D-5.png Graphic file (type png)
<use data/ex-11-D-5.png>
Package pdftex.def Info: data/ex-11-D-5.png  used on input line 231.
(pdftex.def)             Requested size: 169.0519pt x 112.70103pt.
<data/ex-11-D-6.png, id=278, 433.62pt x 289.08pt>
File: data/ex-11-D-6.png Graphic file (type png)
<use data/ex-11-D-6.png>
Package pdftex.def Info: data/ex-11-D-6.png  used on input line 232.
(pdftex.def)             Requested size: 169.0519pt x 112.70103pt.

Overfull \hbox (8.86128pt too wide) in paragraph at lines 212--236
\OT1/cmr/m/n/10 Figure 27\C70/min/m/n/10/30 n ∞ È ’ k \C70/min/m/n/10/5b ˛ \C70/min/m/n/10/30 W f \C70/min/m/n/10/9e ƒ \C70/min/m/n/10/82 r \C70/min/m/n/10/98 ^^B \C70/min/m/n/10/70 π \C70/min/m/n/10/30 í \C70/min/m/n/10/68 9 \C70/min/m/n/10/30 h Y ã \C70/min/m/n/10/67 ^^@ \C70/min/m/n/10/77 Ì \C70/min/m/n/10/8d Ô \C70/min/m/n/10/67 ( \C70/min/m/n/10/30 í \C70/min/m/n/10/4f \ \C70/min/m/n/10/30 ä _ D ^^B\OT1/cmr/m/n/10 djikstra\C70/min/m/n/10/30 í
 []

[18

pdfTeX warning (ext4): destination with the same identifier (name{figure.0.27}) has been already used, duplicate ignored

\@EveryShipout@Output ...@Org@Shipout \box \@cclv 
                                                  
l.236 
      pdfTeX warning (ext4): destination with the same identifier (name{figure.0.28}) has been already used, duplicate ignored

\@EveryShipout@Output ...@Org@Shipout \box \@cclv 
                                                  
l.236 
       <./data/ex-11-start.png> <./data/ex-11-res.png>] [19pdfTeX warning (ext4): destination with the same identifier (name{figure.0.29}) has been already used, duplicate ignored

\@EveryShipout@Output ...@Org@Shipout \box \@cclv 
                                                  
l.238     \clearpage
                     <./data/ex-11-D-1.png> <./data/ex-11-D-2.png> <./data/ex-11-D-3.png> <./data/ex-11-D-4.png> <./data/ex-11-D-5.png> <./data/ex-11-D-6.png>]
<data/ex11-MF-start.png, id=302, 433.62pt x 289.08pt>
File: data/ex11-MF-start.png Graphic file (type png)
<use data/ex11-MF-start.png>
Package pdftex.def Info: data/ex11-MF-start.png  used on input line 244.
(pdftex.def)             Requested size: 276.00105pt x 184.00926pt.
<data/ex11-MF-res.png, id=303, 433.62pt x 289.08pt>
File: data/ex11-MF-res.png Graphic file (type png)
<use data/ex11-MF-res.png>
Package pdftex.def Info: data/ex11-MF-res.png  used on input line 248.
(pdftex.def)             Requested size: 276.00105pt x 184.00926pt.
<data/ex11-MF-1.png, id=304, 433.62pt x 289.08pt>
File: data/ex11-MF-1.png Graphic file (type png)
<use data/ex11-MF-1.png>
Package pdftex.def Info: data/ex11-MF-1.png  used on input line 252.
(pdftex.def)             Requested size: 169.0519pt x 112.70103pt.
<data/ex11-MF-2.png, id=305, 433.62pt x 289.08pt>
File: data/ex11-MF-2.png Graphic file (type png)
<use data/ex11-MF-2.png>
Package pdftex.def Info: data/ex11-MF-2.png  used on input line 253.
(pdftex.def)             Requested size: 169.0519pt x 112.70103pt.
<data/ex11-MF-3.png, id=306, 433.62pt x 289.08pt>
File: data/ex11-MF-3.png Graphic file (type png)
<use data/ex11-MF-3.png>
Package pdftex.def Info: data/ex11-MF-3.png  used on input line 255.
(pdftex.def)             Requested size: 169.0519pt x 112.70103pt.
<data/ex11-MF-4.png, id=307, 433.62pt x 289.08pt>
File: data/ex11-MF-4.png Graphic file (type png)
<use data/ex11-MF-4.png>
Package pdftex.def Info: data/ex11-MF-4.png  used on input line 256.
(pdftex.def)             Requested size: 169.0519pt x 112.70103pt.
 [20

pdfTeX warning (ext4): destination with the same identifier (name{figure.0.30}) has been already used, duplicate ignored

\@EveryShipout@Output ...@Org@Shipout \box \@cclv 
                                                  
l.260 
      pdfTeX warning (ext4): destination with the same identifier (name{figure.0.31}) has been already used, duplicate ignored

\@EveryShipout@Output ...@Org@Shipout \box \@cclv 
                                                  
l.260 
       <./data/ex11-MF-start.png> <./data/ex11-MF-res.png>] [21pdfTeX warning (ext4): destination with the same identifier (name{figure.0.32}) has been already used, duplicate ignored

\@EveryShipout@Output ...@Org@Shipout \box \@cclv 
                                                  
l.263 \end{document}
                     <./data/ex11-MF-1.png> <./data/ex11-MF-2.png> <./data/ex11-MF-3.png> <./data/ex11-MF-4.png>]
Package atveryend Info: Empty hook `BeforeClearDocument' on input line 263.
Package atveryend Info: Empty hook `AfterLastShipout' on input line 263.
 (./main.aux)
Package atveryend Info: Executing hook `AtVeryEndDocument' on input line 263.
Package atveryend Info: Executing hook `AtEndAfterFileList' on input line 263.
Package rerunfilecheck Info: File `main.out' has not changed.
(rerunfilecheck)             Checksum: D41D8CD98F00B204E9800998ECF8427E;0.
Package atveryend Info: Empty hook `AtVeryVeryEnd' on input line 263.
 ) 
Here is how much of TeX's memory you used:
 28894 strings out of 481239
 677273 string characters out of 5920377
 997050 words of memory out of 5000000
 43235 multiletter control sequences out of 15000+600000
 591227 words of font info for 255 fonts, out of 8000000 for 9000
 1141 hyphenation exceptions out of 8191
 68i,7n,98p,844b,1156s stack positions out of 5000i,500n,10000p,200000b,80000s
</usr/share/texlive/texmf-dist/fonts/type1/public/amsfonts/cm/cmbx12.pfb></usr/share/texlive/texmf-dist/fonts/type1/public/amsfonts/cm/cmmi10.pfb></usr/share/texlive/texmf-dist/fonts/type1/public/amsfonts/cm/cmr10.pfb></usr/share/texlive/texmf-dist/fonts/type1/public/amsfonts/cm/cmr12.pfb></usr/share/texlive/texmf-dist/fonts/type1/public/amsfonts/cm/cmsy10.pfb></usr/share/texmf/fonts/type1/wadalab/JIS/dmjhira.pfb></usr/share/texmf/fonts/type1/wadalab/JIS/dmjka.pfb></usr/share/texmf/fonts/type1/wadalab/JIS/dmjkata.pfb></usr/share/texmf/fonts/type1/wadalab/JIS/dmjkb.pfb></usr/share/texmf/fonts/type1/wadalab/JIS/dmjkc.pfb></usr/share/texmf/fonts/type1/wadalab/JIS/dmjkd.pfb></usr/share/texmf/fonts/type1/wadalab/JIS/dmjke.pfb></usr/share/texmf/fonts/type1/wadalab/JIS/dmjkf.pfb></usr/share/texmf/fonts/type1/wadalab/JIS/dmjkg.pfb></usr/share/texmf/fonts/type1/wadalab/JIS/dmjkh.pfb></usr/share/texmf/fonts/type1/wadalab/JIS/dmjki.pfb></usr/share/texmf/fonts/type1/wadalab/JIS/dmjkj.pfb></usr/share/texmf/fonts/type1/wadalab/JIS/dmjkk.pfb></usr/share/texmf/fonts/type1/wadalab/JIS/dmjkl.pfb></usr/share/texmf/fonts/type1/wadalab/JIS/dmjroma.pfb></usr/share/texmf/fonts/type1/wadalab/JIS/dmjsy.pfb>
Output written on main.pdf (22 pages, 1117468 bytes).
PDF statistics:
 409 PDF objects out of 1000 (max. 8388607)
 202 compressed objects within 3 object streams
 68 named destinations out of 1000 (max. 500000)
 496 words of extra memory for PDF output out of 10000 (max. 10000000)

